<?xml version="1.0" encoding="UTF-8"?>
<!-- Generated by org.testng.reporters.JUnitXMLReporter -->
<testsuite ignored="0" hostname="Tranquil" failures="0" tests="1" name="Gradle test" time="10.594" errors="0" timestamp="2026-05-15T15:18:43 ICT">
  <testcase classname="Base.BaseTest" name="@BeforeMethod BeforeMethod" time="0.022">
    <failure type="java.lang.NullPointerException" message="Cannot invoke &amp;quot;com.aventstack.extentreports.ExtentReports.createTest(String)&amp;quot; because &amp;quot;Report.ExtentReportManager.extent&amp;quot; is null">
      <![CDATA[java.lang.NullPointerException: Cannot invoke "com.aventstack.extentreports.ExtentReports.createTest(String)" because "Report.ExtentReportManager.extent" is null
at Report.ExtentReportManager.createTest(ExtentReportManager.java:34)
at Base.BaseTest.BeforeMethod(BaseTest.java:31)
at java.base/java.util.ArrayList.forEach(ArrayList.java:1596)
at jdk.proxy1/jdk.proxy1.$Proxy4.stop(Unknown Source)
... Removed 45 stack frames]]>
    </failure>
  </testcase> <!-- @BeforeMethod BeforeMethod -->
  <testcase classname="Base.BaseTest" name="@AfterMethod AfterMethod" time="0.0">
    <skipped/>
  </testcase> <!-- @AfterMethod AfterMethod -->
  <testcase classname="Base.BaseTest" name="@AfterClass AfterClass" time="0.0">
    <skipped/>
  </testcase> <!-- @AfterClass AfterClass -->
  <testcase classname="testcases.register.Register01_Verify_Valid_Register" name="test_valid_register" time="0.0">
    <skipped/>
  </testcase> <!-- test_valid_register -->
</testsuite> <!-- Gradle test -->
